Waf: Entering directory `/home/vignati/NS3/build'
Waf: Leaving directory `/home/vignati/NS3/build'
Build commands will be stored in build/compile_commands.json
'build' finished successfully (0.249s)
2e+07
1.7e+08
2.1e+08
Number of UEs: 0
x: 784
y: 500
z: 1
enbIndex: 0
Command ['/home/vignati/NS3/build/scratch/5G-Scenario2', '--numberOfueNodes=1', '--radius=300', '--height=1', '--seed=0', '--simTime=7.5', '--nPackets=9000', '--interPacketInterval=0.0006666666666666666', '--numberOfenbNodes=4', '--numerology=2'] terminated with signal SIGSEGV. Run it under a debugger to get more information (./waf --run <program> --gdb").
1 None
graphs/5G/1 UEs/data/gNB4-r300-h1-num2-s0-t7.5-_transferFile.txt  does not exist
graphs/5G/1 UEs/data/gNB4-r300-h1-num2-s0-t7.5-_transferFile.txt  does not exist
graphs/5G/1 UEs/data/gNB4-r300-h1-num2-s0-t7.5-_transferFile.txt  does not exist
graphs/5G/1 UEs/data/gNB4-r300-h1-num2-s0-t7.5-_transferFile.txt  does not exist
graphs/5G/1 UEs/data/gNB4-r300-h1-num2-s0-t7.5-_transferFile.txt  does not exist
graphs/5G/1 UEs/data/gNB4-r300-h1-num2-s0-t7.5-_transferFile.txt  does not exist
graphs/5G/1 UEs/data/gNB4-r300-h1-num2-s0-t7.5-_transferFile.txt  does not exist
graphs/5G/1 UEs/data/gNB4-r300-h1-num2-s0-t7.5-_transferFile.txt  does not exist
graphs/5G/1 UEs/data/gNB4-r300-h1-num2-s0-t7.5-_transferFile.txt  does not exist
graphs/5G/1 UEs/data/gNB4-r300-h1-num2-s0-t7.5-_transferFile.txt  does not exist
All simulations ended
Total simulations:  1
Successful simulations:  0
Failed simulations:  1
